<?xml version="1.0" encoding="UTF-8"?>
<coverage generated="1516127203396" clover="3.2.0">
  <project timestamp="1516127203397" name="All files">
    <metrics statements="116" coveredstatements="66" conditionals="30" coveredconditionals="17" methods="42" coveredmethods="15" elements="188" coveredelements="98" complexity="0" loc="116" ncloc="116" packages="2" files="4" classes="4">
      <package name="src">
        <metrics statements="60" coveredstatements="33" conditionals="10" coveredconditionals="6" methods="29" coveredmethods="8"/>
        <file name="api.js" path="/Users/macbookpro/projects/vue_contact_list/src/api.js">
          <metrics statements="7" coveredstatements="5" conditionals="0" coveredconditionals="0" methods="3" coveredmethods="1"/>
          <line num="3" count="4" type="stmt"/>
          <line num="4" count="4" type="stmt"/>
          <line num="5" count="4" type="stmt"/>
          <line num="6" count="4" type="stmt"/>
          <line num="10" count="0" type="stmt"/>
          <line num="14" count="0" type="stmt"/>
          <line num="18" count="2" type="stmt"/>
        </file>
        <file name="store.js" path="/Users/macbookpro/projects/vue_contact_list/src/store.js">
          <metrics statements="44" coveredstatements="19" conditionals="8" coveredconditionals="4" methods="24" coveredmethods="5"/>
          <line num="5" count="2" type="stmt"/>
          <line num="8" count="2" type="stmt"/>
          <line num="10" count="2" type="stmt"/>
          <line num="11" count="2" type="cond" truecount="1" falsecount="1"/>
          <line num="12" count="0" type="stmt"/>
          <line num="15" count="2" type="stmt"/>
          <line num="18" count="2" type="stmt"/>
          <line num="19" count="2" type="stmt"/>
          <line num="28" count="2" type="stmt"/>
          <line num="30" count="0" type="stmt"/>
          <line num="33" count="0" type="stmt"/>
          <line num="36" count="0" type="stmt"/>
          <line num="39" count="0" type="stmt"/>
          <line num="45" count="0" type="stmt"/>
          <line num="50" count="0" type="stmt"/>
          <line num="55" count="0" type="stmt"/>
          <line num="57" count="0" type="stmt"/>
          <line num="61" count="0" type="stmt"/>
          <line num="64" count="0" type="stmt"/>
          <line num="67" count="0" type="stmt"/>
          <line num="71" count="2" type="stmt"/>
          <line num="74" count="0" type="cond" truecount="0" falsecount="2"/>
          <line num="76" count="0" type="stmt"/>
          <line num="79" count="0" type="stmt"/>
          <line num="86" count="0" type="stmt"/>
          <line num="90" count="0" type="stmt"/>
          <line num="93" count="2" type="stmt"/>
          <line num="97" count="1" type="stmt"/>
          <line num="98" count="1" type="stmt"/>
          <line num="99" count="1" type="stmt"/>
          <line num="103" count="2" type="cond" truecount="2" falsecount="0"/>
          <line num="104" count="1" type="stmt"/>
          <line num="107" count="33" type="stmt"/>
          <line num="108" count="1" type="cond" truecount="1" falsecount="1"/>
          <line num="109" count="0" type="stmt"/>
          <line num="112" count="1" type="stmt"/>
          <line num="118" count="2" type="stmt"/>
          <line num="120" count="0" type="stmt"/>
          <line num="123" count="0" type="stmt"/>
          <line num="126" count="0" type="stmt"/>
          <line num="129" count="0" type="stmt"/>
          <line num="133" count="0" type="stmt"/>
          <line num="136" count="0" type="stmt"/>
          <line num="139" count="0" type="stmt"/>
        </file>
        <file name="utils.js" path="/Users/macbookpro/projects/vue_contact_list/src/utils.js">
          <metrics statements="9" coveredstatements="9" conditionals="2" coveredconditionals="2" methods="2" coveredmethods="2"/>
          <line num="4" count="2" type="stmt"/>
          <line num="8" count="8" type="stmt"/>
          <line num="9" count="8" type="stmt"/>
          <line num="10" count="61" type="stmt"/>
          <line num="11" count="61" type="stmt"/>
          <line num="12" count="61" type="cond" truecount="2" falsecount="0"/>
          <line num="13" count="19" type="stmt"/>
          <line num="16" count="8" type="stmt"/>
          <line num="21" count="3" type="stmt"/>
        </file>
      </package>
      <package name="src.components.forms.auth">
        <metrics statements="56" coveredstatements="33" conditionals="20" coveredconditionals="11" methods="13" coveredmethods="7"/>
        <file name="LoginForm.vue" path="/Users/macbookpro/projects/vue_contact_list/src/components/forms/auth/LoginForm.vue">
          <metrics statements="56" coveredstatements="33" conditionals="20" coveredconditionals="11" methods="13" coveredmethods="7"/>
          <line num="3" count="1" type="stmt"/>
          <line num="7" count="1" type="stmt"/>
          <line num="9" count="1" type="stmt"/>
          <line num="11" count="1" type="stmt"/>
          <line num="13" count="1" type="stmt"/>
          <line num="15" count="1" type="stmt"/>
          <line num="17" count="1" type="stmt"/>
          <line num="19" count="1" type="stmt"/>
          <line num="21" count="1" type="stmt"/>
          <line num="23" count="4" type="cond" truecount="4" falsecount="0"/>
          <line num="25" count="1" type="stmt"/>
          <line num="26" count="1" type="stmt"/>
          <line num="28" count="7" type="stmt"/>
          <line num="39" count="6" type="stmt"/>
          <line num="41" count="6" type="cond" truecount="3" falsecount="1"/>
          <line num="42" count="6" type="stmt"/>
          <line num="43" count="6" type="stmt"/>
          <line num="44" count="6" type="stmt"/>
          <line num="45" count="6" type="stmt"/>
          <line num="46" count="0" type="stmt"/>
          <line num="49" count="0" type="stmt"/>
          <line num="50" count="0" type="stmt"/>
          <line num="51" count="0" type="stmt"/>
          <line num="53" count="0" type="stmt"/>
          <line num="59" count="0" type="stmt"/>
          <line num="63" count="0" type="stmt"/>
          <line num="64" count="0" type="stmt"/>
          <line num="65" count="0" type="stmt"/>
          <line num="67" count="0" type="stmt"/>
          <line num="68" count="0" type="stmt"/>
          <line num="69" count="0" type="stmt"/>
          <line num="71" count="0" type="stmt"/>
          <line num="72" count="0" type="stmt"/>
          <line num="73" count="0" type="stmt"/>
          <line num="74" count="0" type="stmt"/>
          <line num="75" count="0" type="stmt"/>
          <line num="83" count="1" type="cond" truecount="1" falsecount="1"/>
          <line num="85" count="1" type="stmt"/>
          <line num="86" count="22" type="stmt"/>
          <line num="88" count="22" type="stmt"/>
          <line num="90" count="22" type="cond" truecount="1" falsecount="1"/>
          <line num="92" count="22" type="stmt"/>
          <line num="101" count="15" type="stmt"/>
          <line num="114" count="6" type="stmt"/>
          <line num="116" count="6" type="stmt"/>
          <line num="136" count="0" type="cond" truecount="0" falsecount="2"/>
          <line num="137" count="0" type="stmt"/>
          <line num="140" count="0" type="stmt"/>
          <line num="160" count="0" type="cond" truecount="0" falsecount="2"/>
          <line num="161" count="0" type="stmt"/>
          <line num="164" count="0" type="stmt"/>
          <line num="176" count="1" type="stmt"/>
          <line num="177" count="1" type="stmt"/>
          <line num="179" count="1" type="stmt"/>
          <line num="181" count="1" type="cond" truecount="1" falsecount="1"/>
          <line num="183" count="1" type="stmt"/>
        </file>
      </package>
    </metrics>
  </project>
</coverage>
