{"/Users/macbookpro/projects/vue_contact_list/src/api.js": {"path":"/Users/macbookpro/projects/vue_contact_list/src/api.js","statementMap":{"0":{"start":{"line":3,"column":2},"end":{"line":3,"column":17}},"1":{"start":{"line":4,"column":2},"end":{"line":4,"column":61}},"2":{"start":{"line":5,"column":2},"end":{"line":5,"column":153}},"3":{"start":{"line":6,"column":2},"end":{"line":6,"column":32}},"4":{"start":{"line":10,"column":2},"end":{"line":10,"column":34}},"5":{"start":{"line":14,"column":2},"end":{"line":14,"column":30}},"6":{"start":{"line":18,"column":0},"end":{"line":18,"column":28}}},"fnMap":{"0":{"name":"(anonymous_0)","decl":{"start":{"line":2,"column":1},"end":{"line":2,"column":2}},"loc":{"start":{"line":2,"column":17},"end":{"line":7,"column":2}},"line":2},"1":{"name":"(anonymous_1)","decl":{"start":{"line":9,"column":1},"end":{"line":9,"column":2}},"loc":{"start":{"line":9,"column":16},"end":{"line":11,"column":2}},"line":9},"2":{"name":"(anonymous_2)","decl":{"start":{"line":13,"column":1},"end":{"line":13,"column":2}},"loc":{"start":{"line":13,"column":17},"end":{"line":15,"column":2}},"line":13}},"branchMap":{},"s":{"0":4,"1":4,"2":4,"3":4,"4":0,"5":0,"6":2},"f":{"0":4,"1":0,"2":0},"b":{},"_coverageSchema":"332fd63041d2c1bcb487cc26dd0d5f7d97098a6c","hash":"1123f93bf09de77ed901f4c04c68668b87e6add0"}
,"/Users/macbookpro/projects/vue_contact_list/src/store.js": {"path":"/Users/macbookpro/projects/vue_contact_list/src/store.js","statementMap":{"0":{"start":{"line":5,"column":19},"end":{"line":5,"column":58}},"1":{"start":{"line":8,"column":0},"end":{"line":8,"column":14}},"2":{"start":{"line":10,"column":15},"end":{"line":17,"column":1}},"3":{"start":{"line":11,"column":1},"end":{"line":16,"column":2}},"4":{"start":{"line":12,"column":2},"end":{"line":12,"column":15}},"5":{"start":{"line":15,"column":2},"end":{"line":15,"column":14}},"6":{"start":{"line":18,"column":0},"end":{"line":18,"column":46}},"7":{"start":{"line":19,"column":14},"end":{"line":26,"column":1}},"8":{"start":{"line":28,"column":16},"end":{"line":69,"column":1}},"9":{"start":{"line":30,"column":15},"end":{"line":32,"column":3}},"10":{"start":{"line":33,"column":2},"end":{"line":40,"column":6}},"11":{"start":{"line":36,"column":4},"end":{"line":36,"column":61}},"12":{"start":{"line":39,"column":4},"end":{"line":39,"column":19}},"13":{"start":{"line":45,"column":2},"end":{"line":45,"column":44}},"14":{"start":{"line":50,"column":2},"end":{"line":50,"column":33}},"15":{"start":{"line":55,"column":2},"end":{"line":55,"column":36}},"16":{"start":{"line":57,"column":2},"end":{"line":57,"column":35}},"17":{"start":{"line":61,"column":2},"end":{"line":61,"column":42}},"18":{"start":{"line":64,"column":2},"end":{"line":64,"column":31}},"19":{"start":{"line":67,"column":2},"end":{"line":67,"column":37}},"20":{"start":{"line":71,"column":18},"end":{"line":116,"column":1}},"21":{"start":{"line":74,"column":2},"end":{"line":81,"column":3}},"22":{"start":{"line":76,"column":3},"end":{"line":76,"column":31}},"23":{"start":{"line":79,"column":3},"end":{"line":79,"column":30}},"24":{"start":{"line":86,"column":2},"end":{"line":86,"column":29}},"25":{"start":{"line":90,"column":2},"end":{"line":90,"column":27}},"26":{"start":{"line":93,"column":2},"end":{"line":93,"column":28}},"27":{"start":{"line":97,"column":15},"end":{"line":97,"column":48}},"28":{"start":{"line":98,"column":16},"end":{"line":98,"column":41}},"29":{"start":{"line":99,"column":2},"end":{"line":99,"column":32}},"30":{"start":{"line":103,"column":2},"end":{"line":114,"column":3}},"31":{"start":{"line":104,"column":3},"end":{"line":104,"column":30}},"32":{"start":{"line":107,"column":22},"end":{"line":107,"column":79}},"33":{"start":{"line":107,"column":55},"end":{"line":107,"column":78}},"34":{"start":{"line":108,"column":3},"end":{"line":113,"column":4}},"35":{"start":{"line":109,"column":4},"end":{"line":109,"column":68}},"36":{"start":{"line":112,"column":4},"end":{"line":112,"column":41}},"37":{"start":{"line":118,"column":16},"end":{"line":141,"column":1}},"38":{"start":{"line":120,"column":2},"end":{"line":120,"column":26}},"39":{"start":{"line":123,"column":2},"end":{"line":123,"column":29}},"40":{"start":{"line":126,"column":2},"end":{"line":126,"column":24}},"41":{"start":{"line":129,"column":2},"end":{"line":129,"column":26}},"42":{"start":{"line":133,"column":2},"end":{"line":133,"column":29}},"43":{"start":{"line":136,"column":2},"end":{"line":136,"column":26}},"44":{"start":{"line":139,"column":2},"end":{"line":139,"column":28}}},"fnMap":{"0":{"name":"(anonymous_0)","decl":{"start":{"line":10,"column":15},"end":{"line":10,"column":16}},"loc":{"start":{"line":10,"column":19},"end":{"line":17,"column":1}},"line":10},"1":{"name":"(anonymous_1)","decl":{"start":{"line":29,"column":21},"end":{"line":29,"column":22}},"loc":{"start":{"line":29,"column":35},"end":{"line":41,"column":2}},"line":29},"2":{"name":"(anonymous_2)","decl":{"start":{"line":34,"column":9},"end":{"line":34,"column":10}},"loc":{"start":{"line":34,"column":21},"end":{"line":37,"column":4}},"line":34},"3":{"name":"(anonymous_3)","decl":{"start":{"line":38,"column":10},"end":{"line":38,"column":11}},"loc":{"start":{"line":38,"column":15},"end":{"line":40,"column":4}},"line":38},"4":{"name":"(anonymous_4)","decl":{"start":{"line":44,"column":22},"end":{"line":44,"column":23}},"loc":{"start":{"line":44,"column":48},"end":{"line":46,"column":2}},"line":44},"5":{"name":"(anonymous_5)","decl":{"start":{"line":49,"column":20},"end":{"line":49,"column":21}},"loc":{"start":{"line":49,"column":37},"end":{"line":51,"column":2}},"line":49},"6":{"name":"(anonymous_6)","decl":{"start":{"line":54,"column":18},"end":{"line":54,"column":19}},"loc":{"start":{"line":54,"column":31},"end":{"line":58,"column":2}},"line":54},"7":{"name":"(anonymous_7)","decl":{"start":{"line":60,"column":25},"end":{"line":60,"column":26}},"loc":{"start":{"line":60,"column":46},"end":{"line":62,"column":2}},"line":60},"8":{"name":"(anonymous_8)","decl":{"start":{"line":63,"column":21},"end":{"line":63,"column":22}},"loc":{"start":{"line":63,"column":34},"end":{"line":65,"column":2}},"line":63},"9":{"name":"(anonymous_9)","decl":{"start":{"line":66,"column":15},"end":{"line":66,"column":16}},"loc":{"start":{"line":66,"column":35},"end":{"line":68,"column":2}},"line":66},"10":{"name":"(anonymous_10)","decl":{"start":{"line":73,"column":19},"end":{"line":73,"column":20}},"loc":{"start":{"line":73,"column":35},"end":{"line":82,"column":2}},"line":73},"11":{"name":"(anonymous_11)","decl":{"start":{"line":84,"column":23},"end":{"line":84,"column":24}},"loc":{"start":{"line":84,"column":42},"end":{"line":87,"column":2}},"line":84},"12":{"name":"(anonymous_12)","decl":{"start":{"line":88,"column":20},"end":{"line":88,"column":21}},"loc":{"start":{"line":88,"column":29},"end":{"line":91,"column":2}},"line":88},"13":{"name":"(anonymous_13)","decl":{"start":{"line":92,"column":20},"end":{"line":92,"column":21}},"loc":{"start":{"line":92,"column":45},"end":{"line":94,"column":2}},"line":92},"14":{"name":"(anonymous_14)","decl":{"start":{"line":96,"column":21},"end":{"line":96,"column":22}},"loc":{"start":{"line":96,"column":42},"end":{"line":100,"column":2}},"line":96},"15":{"name":"(anonymous_15)","decl":{"start":{"line":102,"column":19},"end":{"line":102,"column":20}},"loc":{"start":{"line":102,"column":40},"end":{"line":115,"column":2}},"line":102},"16":{"name":"(anonymous_16)","decl":{"start":{"line":107,"column":44},"end":{"line":107,"column":45}},"loc":{"start":{"line":107,"column":55},"end":{"line":107,"column":78}},"line":107},"17":{"name":"(anonymous_17)","decl":{"start":{"line":119,"column":13},"end":{"line":119,"column":14}},"loc":{"start":{"line":119,"column":21},"end":{"line":121,"column":2}},"line":119},"18":{"name":"(anonymous_18)","decl":{"start":{"line":122,"column":16},"end":{"line":122,"column":17}},"loc":{"start":{"line":122,"column":24},"end":{"line":124,"column":2}},"line":122},"19":{"name":"(anonymous_19)","decl":{"start":{"line":125,"column":11},"end":{"line":125,"column":12}},"loc":{"start":{"line":125,"column":20},"end":{"line":127,"column":2}},"line":125},"20":{"name":"(anonymous_20)","decl":{"start":{"line":128,"column":13},"end":{"line":128,"column":14}},"loc":{"start":{"line":128,"column":22},"end":{"line":130,"column":2}},"line":128},"21":{"name":"(anonymous_21)","decl":{"start":{"line":132,"column":16},"end":{"line":132,"column":17}},"loc":{"start":{"line":132,"column":24},"end":{"line":134,"column":2}},"line":132},"22":{"name":"(anonymous_22)","decl":{"start":{"line":135,"column":13},"end":{"line":135,"column":14}},"loc":{"start":{"line":135,"column":21},"end":{"line":137,"column":2}},"line":135},"23":{"name":"(anonymous_23)","decl":{"start":{"line":138,"column":15},"end":{"line":138,"column":16}},"loc":{"start":{"line":138,"column":23},"end":{"line":140,"column":2}},"line":138}},"branchMap":{"0":{"loc":{"start":{"line":11,"column":1},"end":{"line":16,"column":2}},"type":"if","locations":[{"start":{"line":11,"column":1},"end":{"line":16,"column":2}},{"start":{"line":11,"column":1},"end":{"line":16,"column":2}}],"line":11},"1":{"loc":{"start":{"line":74,"column":2},"end":{"line":81,"column":3}},"type":"if","locations":[{"start":{"line":74,"column":2},"end":{"line":81,"column":3}},{"start":{"line":74,"column":2},"end":{"line":81,"column":3}}],"line":74},"2":{"loc":{"start":{"line":103,"column":2},"end":{"line":114,"column":3}},"type":"if","locations":[{"start":{"line":103,"column":2},"end":{"line":114,"column":3}},{"start":{"line":103,"column":2},"end":{"line":114,"column":3}}],"line":103},"3":{"loc":{"start":{"line":108,"column":3},"end":{"line":113,"column":4}},"type":"if","locations":[{"start":{"line":108,"column":3},"end":{"line":113,"column":4}},{"start":{"line":108,"column":3},"end":{"line":113,"column":4}}],"line":108}},"s":{"0":2,"1":2,"2":2,"3":2,"4":0,"5":2,"6":2,"7":2,"8":2,"9":0,"10":0,"11":0,"12":0,"13":0,"14":0,"15":0,"16":0,"17":0,"18":0,"19":0,"20":2,"21":0,"22":0,"23":0,"24":0,"25":0,"26":2,"27":1,"28":1,"29":1,"30":2,"31":1,"32":1,"33":33,"34":1,"35":0,"36":1,"37":2,"38":0,"39":0,"40":0,"41":0,"42":0,"43":0,"44":0},"f":{"0":2,"1":0,"2":0,"3":0,"4":0,"5":0,"6":0,"7":0,"8":0,"9":0,"10":0,"11":0,"12":0,"13":2,"14":1,"15":2,"16":33,"17":0,"18":0,"19":0,"20":0,"21":0,"22":0,"23":0},"b":{"0":[0,2],"1":[0,0],"2":[1,1],"3":[0,1]},"_coverageSchema":"332fd63041d2c1bcb487cc26dd0d5f7d97098a6c","hash":"6091f0f9835f00be0d891c0b32943919bd62e95f"}
,"/Users/macbookpro/projects/vue_contact_list/src/utils.js": {"path":"/Users/macbookpro/projects/vue_contact_list/src/utils.js","statementMap":{"0":{"start":{"line":4,"column":2},"end":{"line":4,"column":23}},"1":{"start":{"line":8,"column":22},"end":{"line":8,"column":24}},"2":{"start":{"line":9,"column":2},"end":{"line":15,"column":3}},"3":{"start":{"line":10,"column":17},"end":{"line":10,"column":33}},"4":{"start":{"line":11,"column":18},"end":{"line":11,"column":58}},"5":{"start":{"line":12,"column":3},"end":{"line":14,"column":4}},"6":{"start":{"line":13,"column":4},"end":{"line":13,"column":32}},"7":{"start":{"line":16,"column":2},"end":{"line":16,"column":23}},"8":{"start":{"line":21,"column":0},"end":{"line":21,"column":31}}},"fnMap":{"0":{"name":"(anonymous_0)","decl":{"start":{"line":3,"column":1},"end":{"line":3,"column":2}},"loc":{"start":{"line":3,"column":18},"end":{"line":5,"column":2}},"line":3},"1":{"name":"(anonymous_1)","decl":{"start":{"line":7,"column":1},"end":{"line":7,"column":2}},"loc":{"start":{"line":7,"column":13},"end":{"line":17,"column":2}},"line":7}},"branchMap":{"0":{"loc":{"start":{"line":12,"column":3},"end":{"line":14,"column":4}},"type":"if","locations":[{"start":{"line":12,"column":3},"end":{"line":14,"column":4}},{"start":{"line":12,"column":3},"end":{"line":14,"column":4}}],"line":12}},"s":{"0":2,"1":8,"2":8,"3":61,"4":61,"5":61,"6":19,"7":8,"8":3},"f":{"0":2,"1":8},"b":{"0":[19,42]},"_coverageSchema":"332fd63041d2c1bcb487cc26dd0d5f7d97098a6c","hash":"ea56fab104a1696bcc63c01bd2440427c7196c6b"}
,"/Users/macbookpro/projects/vue_contact_list/src/components/forms/auth/LoginForm.vue": {"path":"/Users/macbookpro/projects/vue_contact_list/src/components/forms/auth/LoginForm.vue","statementMap":{"0":{"start":{"line":3,"column":0},"end":{"line":5,"column":3}},"1":{"start":{"line":7,"column":13},"end":{"line":7,"column":41}},"2":{"start":{"line":9,"column":14},"end":{"line":9,"column":44}},"3":{"start":{"line":11,"column":13},"end":{"line":11,"column":29}},"4":{"start":{"line":13,"column":14},"end":{"line":13,"column":44}},"5":{"start":{"line":15,"column":11},"end":{"line":15,"column":37}},"6":{"start":{"line":17,"column":12},"end":{"line":17,"column":40}},"7":{"start":{"line":19,"column":10},"end":{"line":19,"column":23}},"8":{"start":{"line":21,"column":11},"end":{"line":21,"column":38}},"9":{"start":{"line":23,"column":39},"end":{"line":23,"column":93}},"10":{"start":{"line":25,"column":17},"end":{"line":25,"column":59}},"11":{"start":{"line":26,"column":0},"end":{"line":81,"column":2}},"12":{"start":{"line":28,"column":4},"end":{"line":34,"column":6}},"13":{"start":{"line":39,"column":18},"end":{"line":39,"column":22}},"14":{"start":{"line":41,"column":6},"end":{"line":78,"column":7}},"15":{"start":{"line":42,"column":8},"end":{"line":42,"column":31}},"16":{"start":{"line":43,"column":8},"end":{"line":43,"column":81}},"17":{"start":{"line":44,"column":8},"end":{"line":44,"column":28}},"18":{"start":{"line":45,"column":8},"end":{"line":47,"column":16}},"19":{"start":{"line":46,"column":10},"end":{"line":46,"column":32}},"20":{"start":{"line":49,"column":8},"end":{"line":49,"column":31}},"21":{"start":{"line":50,"column":8},"end":{"line":50,"column":28}},"22":{"start":{"line":51,"column":19},"end":{"line":51,"column":23}},"23":{"start":{"line":53,"column":19},"end":{"line":58,"column":9}},"24":{"start":{"line":59,"column":22},"end":{"line":61,"column":9}},"25":{"start":{"line":63,"column":8},"end":{"line":76,"column":11}},"26":{"start":{"line":64,"column":10},"end":{"line":64,"column":72}},"27":{"start":{"line":65,"column":10},"end":{"line":65,"column":53}},"28":{"start":{"line":67,"column":10},"end":{"line":67,"column":30}},"29":{"start":{"line":68,"column":10},"end":{"line":70,"column":18}},"30":{"start":{"line":69,"column":12},"end":{"line":69,"column":33}},"31":{"start":{"line":71,"column":10},"end":{"line":71,"column":25}},"32":{"start":{"line":72,"column":10},"end":{"line":72,"column":33}},"33":{"start":{"line":73,"column":10},"end":{"line":73,"column":68}},"34":{"start":{"line":74,"column":10},"end":{"line":74,"column":31}},"35":{"start":{"line":75,"column":10},"end":{"line":75,"column":44}},"36":{"start":{"line":83,"column":23},"end":{"line":83,"column":101}},"37":{"start":{"line":85,"column":0},"end":{"line":174,"column":2}},"38":{"start":{"line":86,"column":12},"end":{"line":86,"column":16}},"39":{"start":{"line":88,"column":11},"end":{"line":88,"column":29}},"40":{"start":{"line":90,"column":11},"end":{"line":90,"column":29}},"41":{"start":{"line":92,"column":2},"end":{"line":173,"column":13}},"42":{"start":{"line":101,"column":4},"end":{"line":105,"column":34}},"43":{"start":{"line":114,"column":8},"end":{"line":114,"column":32}},"44":{"start":{"line":116,"column":8},"end":{"line":116,"column":33}},"45":{"start":{"line":136,"column":8},"end":{"line":138,"column":9}},"46":{"start":{"line":137,"column":10},"end":{"line":137,"column":17}},"47":{"start":{"line":140,"column":8},"end":{"line":140,"column":43}},"48":{"start":{"line":160,"column":8},"end":{"line":162,"column":9}},"49":{"start":{"line":161,"column":10},"end":{"line":161,"column":17}},"50":{"start":{"line":164,"column":8},"end":{"line":164,"column":43}},"51":{"start":{"line":176,"column":0},"end":{"line":193,"column":3}},"52":{"start":{"line":177,"column":12},"end":{"line":177,"column":16}},"53":{"start":{"line":179,"column":11},"end":{"line":179,"column":29}},"54":{"start":{"line":181,"column":11},"end":{"line":181,"column":29}},"55":{"start":{"line":183,"column":2},"end":{"line":192,"column":7}}},"fnMap":{"0":{"name":"_interopRequireDefault","decl":{"start":{"line":23,"column":9},"end":{"line":23,"column":31}},"loc":{"start":{"line":23,"column":37},"end":{"line":23,"column":95}},"line":23},"1":{"name":"data","decl":{"start":{"line":27,"column":17},"end":{"line":27,"column":21}},"loc":{"start":{"line":27,"column":24},"end":{"line":35,"column":3}},"line":27},"2":{"name":"attemptLogin","decl":{"start":{"line":38,"column":27},"end":{"line":38,"column":39}},"loc":{"start":{"line":38,"column":42},"end":{"line":79,"column":5}},"line":38},"3":{"name":"(anonymous_3)","decl":{"start":{"line":45,"column":19},"end":{"line":45,"column":20}},"loc":{"start":{"line":45,"column":31},"end":{"line":47,"column":9}},"line":45},"4":{"name":"(anonymous_4)","decl":{"start":{"line":63,"column":95},"end":{"line":63,"column":96}},"loc":{"start":{"line":63,"column":115},"end":{"line":66,"column":9}},"line":63},"5":{"name":"(anonymous_5)","decl":{"start":{"line":66,"column":17},"end":{"line":66,"column":18}},"loc":{"start":{"line":66,"column":30},"end":{"line":76,"column":9}},"line":66},"6":{"name":"(anonymous_6)","decl":{"start":{"line":68,"column":21},"end":{"line":68,"column":22}},"loc":{"start":{"line":68,"column":33},"end":{"line":70,"column":11}},"line":68},"7":{"name":"render","decl":{"start":{"line":85,"column":35},"end":{"line":85,"column":41}},"loc":{"start":{"line":85,"column":44},"end":{"line":174,"column":1}},"line":85},"8":{"name":"(anonymous_8)","decl":{"start":{"line":100,"column":30},"end":{"line":100,"column":31}},"loc":{"start":{"line":100,"column":47},"end":{"line":106,"column":3}},"line":100},"9":{"name":"submit","decl":{"start":{"line":113,"column":25},"end":{"line":113,"column":31}},"loc":{"start":{"line":113,"column":40},"end":{"line":117,"column":7}},"line":113},"10":{"name":"input","decl":{"start":{"line":135,"column":24},"end":{"line":135,"column":29}},"loc":{"start":{"line":135,"column":38},"end":{"line":141,"column":7}},"line":135},"11":{"name":"input","decl":{"start":{"line":159,"column":24},"end":{"line":159,"column":29}},"loc":{"start":{"line":159,"column":38},"end":{"line":165,"column":7}},"line":159},"12":{"name":"render","decl":{"start":{"line":176,"column":45},"end":{"line":176,"column":51}},"loc":{"start":{"line":176,"column":54},"end":{"line":193,"column":1}},"line":176}},"branchMap":{"0":{"loc":{"start":{"line":23,"column":46},"end":{"line":23,"column":92}},"type":"cond-expr","locations":[{"start":{"line":23,"column":70},"end":{"line":23,"column":73}},{"start":{"line":23,"column":76},"end":{"line":23,"column":92}}],"line":23},"1":{"loc":{"start":{"line":23,"column":46},"end":{"line":23,"column":67}},"type":"binary-expr","locations":[{"start":{"line":23,"column":46},"end":{"line":23,"column":49}},{"start":{"line":23,"column":53},"end":{"line":23,"column":67}}],"line":23},"2":{"loc":{"start":{"line":41,"column":6},"end":{"line":78,"column":7}},"type":"if","locations":[{"start":{"line":41,"column":6},"end":{"line":78,"column":7}},{"start":{"line":41,"column":6},"end":{"line":78,"column":7}}],"line":41},"3":{"loc":{"start":{"line":41,"column":10},"end":{"line":41,"column":52}},"type":"binary-expr","locations":[{"start":{"line":41,"column":10},"end":{"line":41,"column":29}},{"start":{"line":41,"column":33},"end":{"line":41,"column":52}}],"line":41},"4":{"loc":{"start":{"line":83,"column":23},"end":{"line":83,"column":101}},"type":"cond-expr","locations":[{"start":{"line":83,"column":62},"end":{"line":83,"column":84}},{"start":{"line":83,"column":87},"end":{"line":83,"column":101}}],"line":83},"5":{"loc":{"start":{"line":90,"column":11},"end":{"line":90,"column":29}},"type":"binary-expr","locations":[{"start":{"line":90,"column":11},"end":{"line":90,"column":23}},{"start":{"line":90,"column":27},"end":{"line":90,"column":29}}],"line":90},"6":{"loc":{"start":{"line":106,"column":20},"end":{"line":173,"column":6}},"type":"cond-expr","locations":[{"start":{"line":106,"column":34},"end":{"line":108,"column":28}},{"start":{"line":108,"column":31},"end":{"line":173,"column":6}}],"line":106},"7":{"loc":{"start":{"line":136,"column":8},"end":{"line":138,"column":9}},"type":"if","locations":[{"start":{"line":136,"column":8},"end":{"line":138,"column":9}},{"start":{"line":136,"column":8},"end":{"line":138,"column":9}}],"line":136},"8":{"loc":{"start":{"line":160,"column":8},"end":{"line":162,"column":9}},"type":"if","locations":[{"start":{"line":160,"column":8},"end":{"line":162,"column":9}},{"start":{"line":160,"column":8},"end":{"line":162,"column":9}}],"line":160},"9":{"loc":{"start":{"line":181,"column":11},"end":{"line":181,"column":29}},"type":"binary-expr","locations":[{"start":{"line":181,"column":11},"end":{"line":181,"column":23}},{"start":{"line":181,"column":27},"end":{"line":181,"column":29}}],"line":181}},"s":{"0":1,"1":1,"2":1,"3":1,"4":1,"5":1,"6":1,"7":1,"8":1,"9":4,"10":1,"11":1,"12":7,"13":6,"14":6,"15":6,"16":6,"17":6,"18":6,"19":0,"20":0,"21":0,"22":0,"23":0,"24":0,"25":0,"26":0,"27":0,"28":0,"29":0,"30":0,"31":0,"32":0,"33":0,"34":0,"35":0,"36":1,"37":1,"38":22,"39":22,"40":22,"41":22,"42":15,"43":6,"44":6,"45":0,"46":0,"47":0,"48":0,"49":0,"50":0,"51":1,"52":1,"53":1,"54":1,"55":1},"f":{"0":4,"1":7,"2":6,"3":0,"4":0,"5":0,"6":0,"7":22,"8":15,"9":6,"10":0,"11":0,"12":1},"b":{"0":[1,3],"1":[4,4],"2":[6,0],"3":[6,1],"4":[0,1],"5":[22,0],"6":[0,22],"7":[0,0],"8":[0,0],"9":[1,0]},"_coverageSchema":"332fd63041d2c1bcb487cc26dd0d5f7d97098a6c","hash":"071760c64074241132a80d3d68464dabbd86671c"}
}
