TN:
SF:/Users/macbookpro/projects/vue_contact_list/src/api.js
FN:2,(anonymous_0)
FN:9,(anonymous_1)
FN:13,(anonymous_2)
FNF:3
FNH:1
FNDA:4,(anonymous_0)
FNDA:0,(anonymous_1)
FNDA:0,(anonymous_2)
DA:3,4
DA:4,4
DA:5,4
DA:6,4
DA:10,0
DA:14,0
DA:18,2
LF:7
LH:5
BRF:0
BRH:0
end_of_record
TN:
SF:/Users/macbookpro/projects/vue_contact_list/src/store.js
FN:10,(anonymous_0)
FN:29,(anonymous_1)
FN:34,(anonymous_2)
FN:38,(anonymous_3)
FN:44,(anonymous_4)
FN:49,(anonymous_5)
FN:54,(anonymous_6)
FN:60,(anonymous_7)
FN:63,(anonymous_8)
FN:66,(anonymous_9)
FN:73,(anonymous_10)
FN:84,(anonymous_11)
FN:88,(anonymous_12)
FN:92,(anonymous_13)
FN:96,(anonymous_14)
FN:102,(anonymous_15)
FN:107,(anonymous_16)
FN:119,(anonymous_17)
FN:122,(anonymous_18)
FN:125,(anonymous_19)
FN:128,(anonymous_20)
FN:132,(anonymous_21)
FN:135,(anonymous_22)
FN:138,(anonymous_23)
FNF:24
FNH:5
FNDA:2,(anonymous_0)
FNDA:0,(anonymous_1)
FNDA:0,(anonymous_2)
FNDA:0,(anonymous_3)
FNDA:0,(anonymous_4)
FNDA:0,(anonymous_5)
FNDA:0,(anonymous_6)
FNDA:0,(anonymous_7)
FNDA:0,(anonymous_8)
FNDA:0,(anonymous_9)
FNDA:0,(anonymous_10)
FNDA:0,(anonymous_11)
FNDA:0,(anonymous_12)
FNDA:2,(anonymous_13)
FNDA:1,(anonymous_14)
FNDA:2,(anonymous_15)
FNDA:33,(anonymous_16)
FNDA:0,(anonymous_17)
FNDA:0,(anonymous_18)
FNDA:0,(anonymous_19)
FNDA:0,(anonymous_20)
FNDA:0,(anonymous_21)
FNDA:0,(anonymous_22)
FNDA:0,(anonymous_23)
DA:5,2
DA:8,2
DA:10,2
DA:11,2
DA:12,0
DA:15,2
DA:18,2
DA:19,2
DA:28,2
DA:30,0
DA:33,0
DA:36,0
DA:39,0
DA:45,0
DA:50,0
DA:55,0
DA:57,0
DA:61,0
DA:64,0
DA:67,0
DA:71,2
DA:74,0
DA:76,0
DA:79,0
DA:86,0
DA:90,0
DA:93,2
DA:97,1
DA:98,1
DA:99,1
DA:103,2
DA:104,1
DA:107,33
DA:108,1
DA:109,0
DA:112,1
DA:118,2
DA:120,0
DA:123,0
DA:126,0
DA:129,0
DA:133,0
DA:136,0
DA:139,0
LF:44
LH:19
BRDA:11,0,0,0
BRDA:11,0,1,2
BRDA:74,1,0,0
BRDA:74,1,1,0
BRDA:103,2,0,1
BRDA:103,2,1,1
BRDA:108,3,0,0
BRDA:108,3,1,1
BRF:8
BRH:4
end_of_record
TN:
SF:/Users/macbookpro/projects/vue_contact_list/src/utils.js
FN:3,(anonymous_0)
FN:7,(anonymous_1)
FNF:2
FNH:2
FNDA:2,(anonymous_0)
FNDA:8,(anonymous_1)
DA:4,2
DA:8,8
DA:9,8
DA:10,61
DA:11,61
DA:12,61
DA:13,19
DA:16,8
DA:21,3
LF:9
LH:9
BRDA:12,0,0,19
BRDA:12,0,1,42
BRF:2
BRH:2
end_of_record
TN:
SF:/Users/macbookpro/projects/vue_contact_list/src/components/forms/auth/LoginForm.vue
FN:23,_interopRequireDefault
FN:27,data
FN:38,attemptLogin
FN:45,(anonymous_3)
FN:63,(anonymous_4)
FN:66,(anonymous_5)
FN:68,(anonymous_6)
FN:85,render
FN:100,(anonymous_8)
FN:113,submit
FN:135,input
FN:159,input
FN:176,render
FNF:13
FNH:7
FNDA:4,_interopRequireDefault
FNDA:7,data
FNDA:6,attemptLogin
FNDA:0,(anonymous_3)
FNDA:0,(anonymous_4)
FNDA:0,(anonymous_5)
FNDA:0,(anonymous_6)
FNDA:22,render
FNDA:15,(anonymous_8)
FNDA:6,submit
FNDA:0,input
FNDA:0,input
FNDA:1,render
DA:3,1
DA:7,1
DA:9,1
DA:11,1
DA:13,1
DA:15,1
DA:17,1
DA:19,1
DA:21,1
DA:23,4
DA:25,1
DA:26,1
DA:28,7
DA:39,6
DA:41,6
DA:42,6
DA:43,6
DA:44,6
DA:45,6
DA:46,0
DA:49,0
DA:50,0
DA:51,0
DA:53,0
DA:59,0
DA:63,0
DA:64,0
DA:65,0
DA:67,0
DA:68,0
DA:69,0
DA:71,0
DA:72,0
DA:73,0
DA:74,0
DA:75,0
DA:83,1
DA:85,1
DA:86,22
DA:88,22
DA:90,22
DA:92,22
DA:101,15
DA:114,6
DA:116,6
DA:136,0
DA:137,0
DA:140,0
DA:160,0
DA:161,0
DA:164,0
DA:176,1
DA:177,1
DA:179,1
DA:181,1
DA:183,1
LF:56
LH:33
BRDA:23,0,0,1
BRDA:23,0,1,3
BRDA:23,1,0,4
BRDA:23,1,1,4
BRDA:41,2,0,6
BRDA:41,2,1,0
BRDA:41,3,0,6
BRDA:41,3,1,1
BRDA:83,4,0,0
BRDA:83,4,1,1
BRDA:90,5,0,22
BRDA:90,5,1,0
BRDA:106,6,0,0
BRDA:106,6,1,22
BRDA:136,7,0,0
BRDA:136,7,1,0
BRDA:160,8,0,0
BRDA:160,8,1,0
BRDA:181,9,0,1
BRDA:181,9,1,0
BRF:20
BRH:11
end_of_record
